<?xml version="1.0" encoding="UTF-8"?>
<!-- Generated by org.testng.reporters.JUnitReportReporter -->
<testsuite hostname="JosePapitha" failures="0" tests="1" name="com.jayway.jsonpath.TransformationWithFiltersAndFunctionsTest" time="0.085" errors="1" timestamp="2023-03-17T16:07:21 EDT" skipped="0">
  <testcase classname="com.jayway.jsonpath.TransformationWithFiltersAndFunctionsTest" name="transform_spec_with_filters_and_functions" time="0.085">
    <error message="Aggregation function attempted to calculate value using empty array" type="com.jayway.jsonpath.JsonPathException">
      <![CDATA[com.jayway.jsonpath.JsonPathException: Aggregation function attempted to calculate value using empty array
at com.jayway.jsonpath.internal.function.numeric.AbstractAggregation.invoke(AbstractAggregation.java:59)
at com.jayway.jsonpath.internal.path.FunctionPathToken.evaluate(FunctionPathToken.java:40)
at com.jayway.jsonpath.internal.path.PathToken.handleObjectProperty(PathToken.java:86)
at com.jayway.jsonpath.internal.path.PropertyPathToken.evaluate(PropertyPathToken.java:85)
at com.jayway.jsonpath.internal.path.PathToken.handleArrayIndex(PathToken.java:140)
at com.jayway.jsonpath.internal.path.WildcardPathToken.evaluate(WildcardPathToken.java:40)
at com.jayway.jsonpath.internal.path.PathToken.handleObjectProperty(PathToken.java:86)
at com.jayway.jsonpath.internal.path.PropertyPathToken.evaluate(PropertyPathToken.java:85)
at com.jayway.jsonpath.internal.path.PathToken.handleObjectProperty(PathToken.java:86)
at com.jayway.jsonpath.internal.path.PropertyPathToken.evaluate(PropertyPathToken.java:85)
at com.jayway.jsonpath.internal.path.RootPathToken.evaluate(RootPathToken.java:48)
at com.jayway.jsonpath.internal.path.CompiledPath.evaluate(CompiledPath.java:85)
at com.jayway.jsonpath.internal.path.CompiledPath.evaluate(CompiledPath.java:93)
at com.jayway.jsonpath.JsonPath.read(JsonPath.java:197)
at com.jayway.jsonpath.internal.JsonContext.read(JsonContext.java:88)
at com.jayway.jsonpath.spi.transformer.jsonpathtransformer.JsonPathTransformationProvider.transform(JsonPathTransformationProvider.java:291)
at com.jayway.jsonpath.spi.transformer.jsonpathtransformer.JsonPathTransformationProvider.transform(JsonPathTransformationProvider.java:210)
at com.jayway.jsonpath.spi.transformer.jsonpathtransformer.JsonPathTransformationProvider.transform(JsonPathTransformationProvider.java:1)
at com.jayway.jsonpath.TransformationWithFiltersAndFunctionsTest.transform_spec_with_filters_and_functions(TransformationWithFiltersAndFunctionsTest.java:45)
at java.base/jdk.internal.reflect.NativeMethodAccessorImpl.invoke0(Native Method)
at java.base/jdk.internal.reflect.NativeMethodAccessorImpl.invoke(NativeMethodAccessorImpl.java:77)
at java.base/jdk.internal.reflect.DelegatingMethodAccessorImpl.invoke(DelegatingMethodAccessorImpl.java:43)
at java.base/java.lang.reflect.Method.invoke(Method.java:568)
at org.testng.internal.MethodInvocationHelper.invokeMethod(MethodInvocationHelper.java:133)
at org.testng.internal.TestInvoker.invokeMethod(TestInvoker.java:598)
at org.testng.internal.TestInvoker.invokeTestMethod(TestInvoker.java:173)
at org.testng.internal.MethodRunner.runInSequence(MethodRunner.java:46)
at org.testng.internal.TestInvoker$MethodInvocationAgent.invoke(TestInvoker.java:824)
at org.testng.internal.TestInvoker.invokeTestMethods(TestInvoker.java:146)
at org.testng.internal.TestMethodWorker.invokeTestMethods(TestMethodWorker.java:146)
at org.testng.internal.TestMethodWorker.run(TestMethodWorker.java:128)
at java.base/java.util.ArrayList.forEach(ArrayList.java:1511)
at org.testng.TestRunner.privateRun(TestRunner.java:794)
at org.testng.TestRunner.run(TestRunner.java:596)
at org.testng.SuiteRunner.runTest(SuiteRunner.java:377)
at org.testng.SuiteRunner.runSequentially(SuiteRunner.java:371)
at org.testng.SuiteRunner.privateRun(SuiteRunner.java:332)
at org.testng.SuiteRunner.run(SuiteRunner.java:276)
at org.testng.SuiteRunnerWorker.runSuite(SuiteRunnerWorker.java:53)
at org.testng.SuiteRunnerWorker.run(SuiteRunnerWorker.java:96)
at org.testng.TestNG.runSuitesSequentially(TestNG.java:1212)
at org.testng.TestNG.runSuitesLocally(TestNG.java:1134)
at org.testng.TestNG.runSuites(TestNG.java:1063)
at org.testng.TestNG.run(TestNG.java:1031)
at org.testng.remote.AbstractRemoteTestNG.run(AbstractRemoteTestNG.java:115)
at org.testng.remote.RemoteTestNG.initAndRun(RemoteTestNG.java:251)
at org.testng.remote.RemoteTestNG.main(RemoteTestNG.java:77)
]]>
    </error>
  </testcase> <!-- transform_spec_with_filters_and_functions -->
  <system-out/>
</testsuite> <!-- com.jayway.jsonpath.TransformationWithFiltersAndFunctionsTest -->
