<?xml version="1.0" encoding="UTF-8"?>
<!-- Generated by org.testng.reporters.JUnitReportReporter -->
<testsuite hostname="JosePapitha" failures="0" tests="1" name="com.jayway.jsonpath.TransformationSpecValidationTest" time="0.092" errors="1" timestamp="2023-03-17T16:05:00 EDT" skipped="0">
  <testcase classname="com.jayway.jsonpath.TransformationSpecValidationTest" name="transform_spec_validation_test" time="0.092">
    <error message="Illegal character at position 1 expected &#039;.&#039; or &#039;[&#039;" type="com.jayway.jsonpath.InvalidPathException">
      <![CDATA[com.jayway.jsonpath.InvalidPathException: Illegal character at position 1 expected '.' or '['
at com.jayway.jsonpath.internal.path.PathCompiler.fail(PathCompiler.java:632)
at com.jayway.jsonpath.internal.path.PathCompiler.readContextToken(PathCompiler.java:119)
at com.jayway.jsonpath.internal.path.PathCompiler.compile(PathCompiler.java:58)
at com.jayway.jsonpath.internal.path.PathCompiler.compile(PathCompiler.java:75)
at com.jayway.jsonpath.JsonPath.<init>(JsonPath.java:103)
at com.jayway.jsonpath.JsonPath.compile(JsonPath.java:533)
at com.jayway.jsonpath.spi.transformer.jsonpathtransformer.JsonPathTransformationSpec.validateDefinitePathsAndArrayWildCardRules(JsonPathTransformationSpec.java:140)
at com.jayway.jsonpath.spi.transformer.jsonpathtransformer.JsonPathTransformationSpec.validate(JsonPathTransformationSpec.java:109)
at com.jayway.jsonpath.spi.transformer.jsonpathtransformer.JsonPathTransformationProvider.spec(JsonPathTransformationProvider.java:137)
at com.jayway.jsonpath.TransformationSpecValidationTest.transform_spec_validation_test(TransformationSpecValidationTest.java:40)
at java.base/jdk.internal.reflect.NativeMethodAccessorImpl.invoke0(Native Method)
at java.base/jdk.internal.reflect.NativeMethodAccessorImpl.invoke(NativeMethodAccessorImpl.java:77)
at java.base/jdk.internal.reflect.DelegatingMethodAccessorImpl.invoke(DelegatingMethodAccessorImpl.java:43)
at java.base/java.lang.reflect.Method.invoke(Method.java:568)
at org.testng.internal.MethodInvocationHelper.invokeMethod(MethodInvocationHelper.java:133)
at org.testng.internal.TestInvoker.invokeMethod(TestInvoker.java:598)
at org.testng.internal.TestInvoker.invokeTestMethod(TestInvoker.java:173)
at org.testng.internal.MethodRunner.runInSequence(MethodRunner.java:46)
at org.testng.internal.TestInvoker$MethodInvocationAgent.invoke(TestInvoker.java:824)
at org.testng.internal.TestInvoker.invokeTestMethods(TestInvoker.java:146)
at org.testng.internal.TestMethodWorker.invokeTestMethods(TestMethodWorker.java:146)
at org.testng.internal.TestMethodWorker.run(TestMethodWorker.java:128)
at java.base/java.util.ArrayList.forEach(ArrayList.java:1511)
at org.testng.TestRunner.privateRun(TestRunner.java:794)
at org.testng.TestRunner.run(TestRunner.java:596)
at org.testng.SuiteRunner.runTest(SuiteRunner.java:377)
at org.testng.SuiteRunner.runSequentially(SuiteRunner.java:371)
at org.testng.SuiteRunner.privateRun(SuiteRunner.java:332)
at org.testng.SuiteRunner.run(SuiteRunner.java:276)
at org.testng.SuiteRunnerWorker.runSuite(SuiteRunnerWorker.java:53)
at org.testng.SuiteRunnerWorker.run(SuiteRunnerWorker.java:96)
at org.testng.TestNG.runSuitesSequentially(TestNG.java:1212)
at org.testng.TestNG.runSuitesLocally(TestNG.java:1134)
at org.testng.TestNG.runSuites(TestNG.java:1063)
at org.testng.TestNG.run(TestNG.java:1031)
at org.testng.remote.AbstractRemoteTestNG.run(AbstractRemoteTestNG.java:115)
at org.testng.remote.RemoteTestNG.initAndRun(RemoteTestNG.java:251)
at org.testng.remote.RemoteTestNG.main(RemoteTestNG.java:77)
]]>
    </error>
  </testcase> <!-- transform_spec_validation_test -->
  <system-out/>
</testsuite> <!-- com.jayway.jsonpath.TransformationSpecValidationTest -->
